<?xml version="1.0" encoding="UTF-8"?>
<!-- Generated by org.testng.reporters.JUnitXMLReporter -->
<testsuite ignored="0" hostname="THRINATH" failures="0" tests="3" name="Test2" time="44.32" errors="0" timestamp="2025-01-25T14:34:45 IST">
  <testcase classname="com.comcast.crm.contacttest.CreateContactTest" name="createContactTest" time="8.091"/>
  <testcase classname="com.comcast.crm.contacttest.CreateContactTest" name="createContactWithOrganizationTest" time="15.79"/>
  <testcase classname="com.comcast.crm.contacttest.CreateContactTest" name="createContactWithSupportDateTest" time="7.786"/>
</testsuite> <!-- Test2 -->
