<?xml version="1.0" encoding="UTF-8"?>
<testng-results ignored="0" total="1" passed="1" failed="0" skipped="0">
  <reporter-output>
    <line>
      <![CDATA[Moisturizers & Face Creams]]>
    </line>
    <line>
      <![CDATA[Cleansers & Face Wash]]>
    </line>
    <line>
      <![CDATA[Face Serum]]>
    </line>
    <line>
      <![CDATA[Eye care]]>
    </line>
    <line>
      <![CDATA[Exfoliators & Toners]]>
    </line>
    <line>
      <![CDATA[Sunscreen & SPF]]>
    </line>
    <line>
      <![CDATA[Lip care]]>
    </line>
    <line>
      <![CDATA[Makeup Remover]]>
    </line>
    <line>
      <![CDATA[Face Masks]]>
    </line>
    <line>
      <![CDATA[Hand & Body Care]]>
    </line>
  </reporter-output>
  <suite started-at="2025-02-03T13:20:25 IST" name="Default suite" finished-at="2025-02-03T13:20:32 IST" duration-ms="6697">
    <groups>
    </groups>
    <test started-at="2025-02-03T13:20:25 IST" name="Default test" finished-at="2025-02-03T13:20:32 IST" duration-ms="6697">
      <class name="practice.mock.selfinalmock030225">
        <test-method signature="clinique()[pri:0, instance:practice.mock.selfinalmock030225@79924b]" started-at="2025-02-03T13:20:25 IST" name="clinique" finished-at="2025-02-03T13:20:32 IST" duration-ms="6644" status="PASS">
          <reporter-output>
            <line>
              <![CDATA[Moisturizers & Face Creams]]>
            </line>
            <line>
              <![CDATA[Cleansers & Face Wash]]>
            </line>
            <line>
              <![CDATA[Face Serum]]>
            </line>
            <line>
              <![CDATA[Eye care]]>
            </line>
            <line>
              <![CDATA[Exfoliators & Toners]]>
            </line>
            <line>
              <![CDATA[Sunscreen & SPF]]>
            </line>
            <line>
              <![CDATA[Lip care]]>
            </line>
            <line>
              <![CDATA[Makeup Remover]]>
            </line>
            <line>
              <![CDATA[Face Masks]]>
            </line>
            <line>
              <![CDATA[Hand & Body Care]]>
            </line>
          </reporter-output>
        </test-method> <!-- clinique -->
      </class> <!-- practice.mock.selfinalmock030225 -->
    </test> <!-- Default test -->
  </suite> <!-- Default suite -->
</testng-results>
